make all --print-data-base --no-builtin-variables --no-builtin-rules --question
# GNU Make 4.3
# Built for x86_64-pc-linux-gnu
# Copyright (C) 1988-2020 Free Software Foundation, Inc.
# License GPLv3+: GNU GPL version 3 or later <http://gnu.org/licenses/gpl.html>
# This is free software: you are free to change and redistribute it.
# There is NO WARRANTY, to the extent permitted by law.

# Make data base, printed on Tue Feb  8 18:26:53 2022

# Variables

# environment
GDK_BACKEND = x11
# environment
LC_ALL = C
# environment
GJS_DEBUG_OUTPUT = stderr
# environment
VSCODE_IPC_HOOK_EXTHOST = /run/user/1000/vscode-ipc-e759ec03-7d88-45ed-a25b-469b0d4d7d3d.sock
# environment
VSCODE_CWD = /home/j5pu
# environment
WINDOWPATH = 2
# environment
LESS_TERMCAP_me = [0m
# environment
GDM_LANG = en_US.UTF-8
# default
MAKE_COMMAND := make
# environment
QT_ACCESSIBILITY = 1
# automatic
@D = $(patsubst %/,%,$(dir $@))
# environment
DATAGRIP_PROPERTIES = /home/j5pu/JetBrains/DataGrip/idea.properties
# environment
VSCODE_HANDLES_UNCAUGHT_ERRORS = true
# default
.VARIABLES := 
# environment
PWD = /home/j5pu/mnopi
# automatic
%D = $(patsubst %/,%,$(dir $%))
# environment
XDG_DATA_DIRS = /usr/share/gnome:/usr/local/share/:/usr/share/
# environment
IDEA_PROPERTIES = /home/j5pu/JetBrains/Idea/idea.properties
# environment
OLDPWD = /home/j5pu
# automatic
^D = $(patsubst %/,%,$(dir $^))
# environment
VSCODE_LOG_STACK = false
# automatic
%F = $(notdir $%)
# environment
VSCODE_CODE_CACHE_PATH = /home/j5pu/.config/Code/CachedData/5554b12acf27056905806867f251c859323ff7e9
# environment
POWERSHELL_UPDATECHECK = Off
# environment
LANG = C
# environment
XAUTHORITY = /run/user/1000/gdm/Xauthority
# default
.LOADED := 
# environment
LESS_TERMCAP_md = [1;36m
# default
.INCLUDE_DIRS = /usr/local/include /usr/include /usr/include
# makefile
MAKEFLAGS = pqrR
# environment
GOLAND_VM_OPTIONS = /home/j5pu/JetBrains/GoLand/goland.vmoptions
# environment
LESS_TERMCAP_so = [01;33m
# makefile
CURDIR := /home/j5pu/mnopi
# environment
VSCODE_PIPE_LOGGING = true
# environment
APPLICATION_INSIGHTS_NO_DIAGNOSTIC_CHANNEL = 1
# environment
GOLAND = /home/j5pu/JetBrains/GoLand
# automatic
*D = $(patsubst %/,%,$(dir $*))
# environment
LESS_TERMCAP_ue = [0m
# environment
MFLAGS = -pqrR
# environment
SSH_AUTH_SOCK = /run/user/1000/keyring/ssh
# default
.SHELLFLAGS := -c
# automatic
+D = $(patsubst %/,%,$(dir $+))
# environment
IDEA = /home/j5pu/JetBrains/Idea
# environment
VSCODE_CRASH_REPORTER_START_OPTIONS = {"companyName":"Microsoft","productName":"VSCode","submitURL":"appcenter://code?aid=fba07a4d-84bd-4fc8-a125-9640fc8ce171&uid=e1ec783f-3a7f-4fe1-89eb-328c953e1081&iid=e1ec783f-3a7f-4fe1-89eb-328c953e1081&sid=e1ec783f-3a7f-4fe1-89eb-328c953e1081","uploadToServer":true}
# environment
XDG_SESSION_DESKTOP = gnome
# makefile (from 'Makefile', line 1)
MAKEFILE_LIST := Makefile
# automatic
@F = $(notdir $@)
# environment
VSCODE_VERBOSE_LOGGING = true
# environment
VSCODE_PID = 2296
# environment
XDG_SESSION_TYPE = x11
# automatic
?D = $(patsubst %/,%,$(dir $?))
# environment
SESSION_MANAGER = local/msi:@/tmp/.ICE-unix/1326,unix/msi:/tmp/.ICE-unix/1326
# automatic
*F = $(notdir $*)
# environment
QT_QPA_PLATFORMTHEME = qt5ct
# environment
CHROME_DESKTOP = code-url-handler.desktop
# environment
DBUS_SESSION_BUS_ADDRESS = unix:path=/run/user/1000/bus
# automatic
<D = $(patsubst %/,%,$(dir $<))
# environment
VSCODE_NLS_CONFIG = {"locale":"en-us","availableLanguages":{},"_languagePackSupport":true}
# environment
BREAKPAD_DUMP_LOCATION = /home/j5pu/.config/Code/exthost Crash Reports
# default
MAKE_HOST := x86_64-pc-linux-gnu
# environment
GNOME_DESKTOP_SESSION_ID = this-is-deprecated
# environment
RUBYMINE = /home/j5pu/JetBrains/RubyMine
# makefile
SHELL = /bin/sh
# environment
LESS_TERMCAP_us = [1;32m
# default
MAKECMDGOALS := all
# environment
XMODIFIERS = @im=ibus
# environment
GJS_DEBUG_TOPICS = JS ERROR;JS LOG
# environment
SHLVL = 0
# environment
WEBSTORM = /home/j5pu/JetBrains/WebStorm
# environment
RUBYMINE_VM_OPTIONS = /home/j5pu/JetBrains/RubyMine/rubymine.vmoptions
# environment
MAKELEVEL := 0
# default
MAKE = $(MAKE_COMMAND)
# environment
PATH = /sw/bin:/usr/local/sbin:/usr/sbin:/sbin:/home/j5pu/JetBrains/bin:/usr/local/bin:/usr/bin:/bin:/usr/local/games:/usr/games:/home/j5pu/.dotnet/tools
# environment
LESS_TERMCAP_se = [0m
# default
MAKEFILES := 
# environment
GOLAND_PROPERTIES = /home/j5pu/JetBrains/GoLand/idea.properties
# automatic
^F = $(notdir $^)
# environment
COMMAND_NOT_FOUND_INSTALL_PROMPT = 1
# environment
PYCHARM = /home/j5pu/JetBrains/PyCharm
# environment
LESS_TERMCAP_mb = [1;31m
# environment
WEBIDE_VM_OPTIONS = /home/j5pu/JetBrains/WebStorm/webstorm.vmoptions
# environment
PYCHARM_VM_OPTIONS = /home/j5pu/JetBrains/PyCharm/pycharm.vmoptions
# environment
IDEA_VM_OPTIONS = /home/j5pu/JetBrains/Idea/idea.vmoptions
# environment
VSCODE_LOG_NATIVE = false
# environment
USERNAME = j5pu
# automatic
?F = $(notdir $?)
# environment
DATAGRIP_VM_OPTIONS = /home/j5pu/JetBrains/DataGrip/datagrip.vmoptions
# environment
XDG_CURRENT_DESKTOP = GNOME
# environment
LS_COLORS = 
# automatic
+F = $(notdir $+)
# environment
DESKTOP_SESSION = gnome
# environment
ORIGINAL_XDG_CURRENT_DESKTOP = GNOME
# 'override' directive
GNUMAKEFLAGS := 
# environment
LOGNAME = j5pu
# environment
GIO_LAUNCHED_DESKTOP_FILE = /usr/share/applications/code.desktop
# makefile
.DEFAULT_GOAL := dev
# environment
SYSTEMD_EXEC_PID = 1263
# environment
JETBRAINS_CONFIG = /home/j5pu/JetBrains/config
# environment
DISPLAY = :1
# environment
USER = j5pu
# environment
GTK_MODULES = gail:atk-bridge
# default
MAKE_VERSION := 4.3
# environment
PYCHARM_PROPERTIES = /home/j5pu/JetBrains/PyCharm/idea.properties
# environment
GIO_LAUNCHED_DESKTOP_FILE_PID = 2296
# environment
SSH_AGENT_PID = 1409
# environment
_ = /usr/share/code/code
# environment
XDG_RUNTIME_DIR = /run/user/1000
# environment
GPG_AGENT_INFO = /run/user/1000/gnupg/S.gpg-agent:0:1
# environment
POWERSHELL_TELEMETRY_OPTOUT = 1
# environment
XDG_SESSION_CLASS = user
# environment
VSCODE_AMD_ENTRYPOINT = vs/workbench/services/extensions/node/extensionHostProcess
# environment
DATAGRIP = /home/j5pu/JetBrains/DataGrip
# environment
HOME = /home/j5pu
# environment
QT_IM_MODULE = ibus
# environment
WEBIDE_PROPERTIES = /home/j5pu/JetBrains/WebStorm/idea.properties
# environment
_JAVA_OPTIONS = -Dawt.useSystemAAFontSettings=on -Dswing.aatext=true
# environment
ELECTRON_RUN_AS_NODE = 1
# environment
VSCODE_IPC_HOOK = /run/user/1000/vscode-894c5ad2-1.64.0-main.sock
# environment
JETBRAINS_APPS = DataGrip GoLand Idea PyCharm RubyMine WebStorm
# environment
DOTNET_CLI_TELEMETRY_OPTOUT = 1
# default
.RECIPEPREFIX := 
# automatic
<F = $(notdir $<)
# default
SUFFIXES := 
# environment
QT_AUTO_SCREEN_SCALE_FACTOR = 0
# default
.FEATURES := target-specific order-only second-expansion else-if shortest-stem undefine oneshell nocomment grouped-target extra-prereqs archives jobserver output-sync check-symlink load
# environment
RUBYMINE_PROPERTIES = /home/j5pu/JetBrains/RubyMine/idea.properties
# environment
JETBRAINS = /home/j5pu/JetBrains
# environment
XDG_MENU_PREFIX = gnome-
# environment
GDMSESSION = gnome
# variable set hash-table stats:
# Load=129/1024=13%, Rehash=0, Collisions=15/159=9%

# Pattern-specific Variable Values

# No pattern-specific variable values.

# Directories

# . (device 65024, inode 51120796): 22 files, no impossibilities.
 
make: *** No rule to make target 'all'.  Stop.
 

# 22 files, no impossibilities in 1 directories.

# Implicit Rules

# No implicit rules.

# Files

# Not a target:
Makefile:
#  Implicit rule search has been done.
#  Last modified 2022-02-08 16:38:56.631412612
#  File has been updated.
#  Successfully updated.

# Not a target:
.DEFAULT:
#  Implicit rule search has not been done.
#  Modification time never checked.
#  File has not been updated.

dev:
#  Implicit rule search has not been done.
#  Modification time never checked.
#  File has not been updated.
#  recipe to execute (from 'Makefile', line 4):
	@npm run dev

# Not a target:
all:
#  Command line target.
#  Implicit rule search has been done.
#  File does not exist.
#  File has not been updated.

install:
#  Phony target (prerequisite of .PHONY).
#  Implicit rule search has not been done.
#  File does not exist.
#  File has not been updated.
#  recipe to execute (from 'Makefile', line 7):
	@yarn install

tools:
#  Phony target (prerequisite of .PHONY).
#  Implicit rule search has not been done.
#  File does not exist.
#  File has not been updated.
#  recipe to execute (from 'Makefile', line 10):
	@curl -fsSL https://deb.nodesource.com/setup_17.x | sudo -E bash -
	@sudo apt-get install -y nodejs
	@sudo npm install --package-lock-only --force --global npx vercel yarn

.PHONY: install tools
#  Implicit rule search has not been done.
#  Modification time never checked.
#  File has not been updated.

# files hash-table stats:
# Load=8/1024=1%, Rehash=0, Collisions=0/22=0%
# VPATH Search Paths

# No 'vpath' search paths.

# No general ('VPATH' variable) search path.

# strcache buffers: 1 (0) / strings = 31 / storage = 294 B / avg = 9 B
# current buf: size = 8162 B / used = 294 B / count = 31 / avg = 9 B

# strcache performance: lookups = 41 / hit rate = 24%
# hash-table stats:
# Load=31/8192=0%, Rehash=0, Collisions=0/41=0%
# Finished Make data base on Tue Feb  8 18:26:53 2022

 
